c:\users\slava\source\repos\imgui external overlay\imgui external overlay\x64\inters\vc143.pdb
c:\users\slava\source\repos\imgui external overlay\imgui external overlay\x64\inters\overlay.obj
c:\users\slava\source\repos\imgui external overlay\imgui external overlay\x64\inters\main.obj
c:\users\slava\source\repos\imgui external overlay\imgui external overlay\x64\inters\detours.obj
c:\users\slava\source\repos\imgui external overlay\imgui external overlay\x64\inters\imgui_freetype.obj
c:\users\slava\source\repos\imgui external overlay\imgui external overlay\x64\inters\binary_to_compressed_c.obj
c:\users\slava\source\repos\imgui external overlay\imgui external overlay\x64\inters\imgui_stdlib.obj
c:\users\slava\source\repos\imgui external overlay\imgui external overlay\x64\inters\imgui_widgets.obj
c:\users\slava\source\repos\imgui external overlay\imgui external overlay\x64\inters\imgui_tables.obj
c:\users\slava\source\repos\imgui external overlay\imgui external overlay\x64\inters\imgui_draw.obj
c:\users\slava\source\repos\imgui external overlay\imgui external overlay\x64\inters\imgui_demo.obj
c:\users\slava\source\repos\imgui external overlay\imgui external overlay\x64\inters\imgui.obj
c:\users\slava\source\repos\imgui external overlay\imgui external overlay\x64\inters\imgui_impl_win32.obj
c:\users\slava\source\repos\imgui external overlay\imgui external overlay\x64\inters\imgui_impl_dx9.obj
c:\users\slava\source\repos\imgui external overlay\release\imgui external overlay.exe
c:\users\slava\source\repos\imgui external overlay\release\imgui external overlay.pdb
c:\users\slava\source\repos\imgui external overlay\imgui external overlay\x64\inters\imgui external overlay.ipdb
c:\users\slava\source\repos\imgui external overlay\imgui external overlay\x64\inters\imgui external overlay.iobj
c:\users\slava\source\repos\imgui external overlay\imgui external overlay\x64\inters\imgui ex.2477ddeb.tlog\cl.command.1.tlog
c:\users\slava\source\repos\imgui external overlay\imgui external overlay\x64\inters\imgui ex.2477ddeb.tlog\cl.items.tlog
c:\users\slava\source\repos\imgui external overlay\imgui external overlay\x64\inters\imgui ex.2477ddeb.tlog\cl.read.1.tlog
c:\users\slava\source\repos\imgui external overlay\imgui external overlay\x64\inters\imgui ex.2477ddeb.tlog\cl.write.1.tlog
c:\users\slava\source\repos\imgui external overlay\imgui external overlay\x64\inters\imgui ex.2477ddeb.tlog\link.command.1.tlog
c:\users\slava\source\repos\imgui external overlay\imgui external overlay\x64\inters\imgui ex.2477ddeb.tlog\link.read.1.tlog
c:\users\slava\source\repos\imgui external overlay\imgui external overlay\x64\inters\imgui ex.2477ddeb.tlog\link.secondary.1.tlog
c:\users\slava\source\repos\imgui external overlay\imgui external overlay\x64\inters\imgui ex.2477ddeb.tlog\link.write.1.tlog
