  imgui_impl_dx9.cpp
  imgui_impl_win32.cpp
  imgui.cpp
  imgui_demo.cpp
  imgui_draw.cpp
  imgui_tables.cpp
  imgui_widgets.cpp
  imgui_stdlib.cpp
  binary_to_compressed_c.cpp
  imgui_freetype.cpp
  detours.cpp
  main.cpp
C:\Users\slava\source\repos\ImGui External Overlay\ImGui External Overlay\libs\Microsoft DirectX SDK\Include\detours.cpp(56,32): warning C4311: 'type cast': pointer truncation from 'BYTE *' to 'DWORD'
C:\Users\slava\source\repos\ImGui External Overlay\ImGui External Overlay\libs\Microsoft DirectX SDK\Include\detours.cpp(56,32): warning C4302: 'type cast': truncation from 'BYTE *' to 'DWORD'
C:\Users\slava\source\repos\ImGui External Overlay\ImGui External Overlay\libs\Microsoft DirectX SDK\Include\detours.cpp(57,21): warning C4311: 'type cast': pointer truncation from 'BYTE *' to 'DWORD'
C:\Users\slava\source\repos\ImGui External Overlay\ImGui External Overlay\libs\Microsoft DirectX SDK\Include\detours.cpp(57,21): warning C4302: 'type cast': truncation from 'BYTE *' to 'DWORD'
  overlay.cpp
  Previous IPDB not found, fall back to full compilation.
LINK : warning LNK4098: defaultlib 'LIBCMT' conflicts with use of other libs; use /NODEFAULTLIB:library
  Generating code
  All 1976 functions were compiled because no usable IPDB/IOBJ from previous compilation was found.
  Finished generating code
freetype.lib(ftinit.obj) : warning LNK4099: PDB 'freetype.pdb' was not found with 'freetype.lib(ftinit.obj)' or at 'C:\Users\slava\source\repos\ImGui External Overlay\release\freetype.pdb'; linking object as if no debug info
freetype.lib(ftbase.obj) : warning LNK4099: PDB 'freetype.pdb' was not found with 'freetype.lib(ftbase.obj)' or at 'C:\Users\slava\source\repos\ImGui External Overlay\release\freetype.pdb'; linking object as if no debug info
freetype.lib(ftsynth.obj) : warning LNK4099: PDB 'freetype.pdb' was not found with 'freetype.lib(ftsynth.obj)' or at 'C:\Users\slava\source\repos\ImGui External Overlay\release\freetype.pdb'; linking object as if no debug info
freetype.lib(autofit.obj) : warning LNK4099: PDB 'freetype.pdb' was not found with 'freetype.lib(autofit.obj)' or at 'C:\Users\slava\source\repos\ImGui External Overlay\release\freetype.pdb'; linking object as if no debug info
freetype.lib(truetype.obj) : warning LNK4099: PDB 'freetype.pdb' was not found with 'freetype.lib(truetype.obj)' or at 'C:\Users\slava\source\repos\ImGui External Overlay\release\freetype.pdb'; linking object as if no debug info
freetype.lib(type1.obj) : warning LNK4099: PDB 'freetype.pdb' was not found with 'freetype.lib(type1.obj)' or at 'C:\Users\slava\source\repos\ImGui External Overlay\release\freetype.pdb'; linking object as if no debug info
freetype.lib(cff.obj) : warning LNK4099: PDB 'freetype.pdb' was not found with 'freetype.lib(cff.obj)' or at 'C:\Users\slava\source\repos\ImGui External Overlay\release\freetype.pdb'; linking object as if no debug info
freetype.lib(type1cid.obj) : warning LNK4099: PDB 'freetype.pdb' was not found with 'freetype.lib(type1cid.obj)' or at 'C:\Users\slava\source\repos\ImGui External Overlay\release\freetype.pdb'; linking object as if no debug info
freetype.lib(pfr.obj) : warning LNK4099: PDB 'freetype.pdb' was not found with 'freetype.lib(pfr.obj)' or at 'C:\Users\slava\source\repos\ImGui External Overlay\release\freetype.pdb'; linking object as if no debug info
freetype.lib(type42.obj) : warning LNK4099: PDB 'freetype.pdb' was not found with 'freetype.lib(type42.obj)' or at 'C:\Users\slava\source\repos\ImGui External Overlay\release\freetype.pdb'; linking object as if no debug info
freetype.lib(winfnt.obj) : warning LNK4099: PDB 'freetype.pdb' was not found with 'freetype.lib(winfnt.obj)' or at 'C:\Users\slava\source\repos\ImGui External Overlay\release\freetype.pdb'; linking object as if no debug info
freetype.lib(pcf.obj) : warning LNK4099: PDB 'freetype.pdb' was not found with 'freetype.lib(pcf.obj)' or at 'C:\Users\slava\source\repos\ImGui External Overlay\release\freetype.pdb'; linking object as if no debug info
freetype.lib(bdf.obj) : warning LNK4099: PDB 'freetype.pdb' was not found with 'freetype.lib(bdf.obj)' or at 'C:\Users\slava\source\repos\ImGui External Overlay\release\freetype.pdb'; linking object as if no debug info
freetype.lib(psaux.obj) : warning LNK4099: PDB 'freetype.pdb' was not found with 'freetype.lib(psaux.obj)' or at 'C:\Users\slava\source\repos\ImGui External Overlay\release\freetype.pdb'; linking object as if no debug info
freetype.lib(psmodule.obj) : warning LNK4099: PDB 'freetype.pdb' was not found with 'freetype.lib(psmodule.obj)' or at 'C:\Users\slava\source\repos\ImGui External Overlay\release\freetype.pdb'; linking object as if no debug info
freetype.lib(pshinter.obj) : warning LNK4099: PDB 'freetype.pdb' was not found with 'freetype.lib(pshinter.obj)' or at 'C:\Users\slava\source\repos\ImGui External Overlay\release\freetype.pdb'; linking object as if no debug info
freetype.lib(sfnt.obj) : warning LNK4099: PDB 'freetype.pdb' was not found with 'freetype.lib(sfnt.obj)' or at 'C:\Users\slava\source\repos\ImGui External Overlay\release\freetype.pdb'; linking object as if no debug info
freetype.lib(smooth.obj) : warning LNK4099: PDB 'freetype.pdb' was not found with 'freetype.lib(smooth.obj)' or at 'C:\Users\slava\source\repos\ImGui External Overlay\release\freetype.pdb'; linking object as if no debug info
freetype.lib(raster.obj) : warning LNK4099: PDB 'freetype.pdb' was not found with 'freetype.lib(raster.obj)' or at 'C:\Users\slava\source\repos\ImGui External Overlay\release\freetype.pdb'; linking object as if no debug info
freetype.lib(sdf.obj) : warning LNK4099: PDB 'freetype.pdb' was not found with 'freetype.lib(sdf.obj)' or at 'C:\Users\slava\source\repos\ImGui External Overlay\release\freetype.pdb'; linking object as if no debug info
freetype.lib(svg.obj) : warning LNK4099: PDB 'freetype.pdb' was not found with 'freetype.lib(svg.obj)' or at 'C:\Users\slava\source\repos\ImGui External Overlay\release\freetype.pdb'; linking object as if no debug info
freetype.lib(ftsystem.obj) : warning LNK4099: PDB 'freetype.pdb' was not found with 'freetype.lib(ftsystem.obj)' or at 'C:\Users\slava\source\repos\ImGui External Overlay\release\freetype.pdb'; linking object as if no debug info
freetype.lib(ftbitmap.obj) : warning LNK4099: PDB 'freetype.pdb' was not found with 'freetype.lib(ftbitmap.obj)' or at 'C:\Users\slava\source\repos\ImGui External Overlay\release\freetype.pdb'; linking object as if no debug info
freetype.lib(ftmm.obj) : warning LNK4099: PDB 'freetype.pdb' was not found with 'freetype.lib(ftmm.obj)' or at 'C:\Users\slava\source\repos\ImGui External Overlay\release\freetype.pdb'; linking object as if no debug info
freetype.lib(ftgzip.obj) : warning LNK4099: PDB 'freetype.pdb' was not found with 'freetype.lib(ftgzip.obj)' or at 'C:\Users\slava\source\repos\ImGui External Overlay\release\freetype.pdb'; linking object as if no debug info
freetype.lib(ftlzw.obj) : warning LNK4099: PDB 'freetype.pdb' was not found with 'freetype.lib(ftlzw.obj)' or at 'C:\Users\slava\source\repos\ImGui External Overlay\release\freetype.pdb'; linking object as if no debug info
freetype.lib(ftdebug.obj) : warning LNK4099: PDB 'freetype.pdb' was not found with 'freetype.lib(ftdebug.obj)' or at 'C:\Users\slava\source\repos\ImGui External Overlay\release\freetype.pdb'; linking object as if no debug info
  ImGui External Overlay.vcxproj -> C:\Users\slava\source\repos\ImGui External Overlay\release\ImGui External Overlay.exe
